Starting process: Module

Starting process: 

SCUBA, Version Diamond (64-bit) 3.14.0.75.2
Thu Nov 06 15:22:14 2025

Copyright (c) 1991-1994 by NeoCAD Inc. All rights reserved.
Copyright (c) 1995 AT&T Corp.   All rights reserved.
Copyright (c) 1995-2001 Lucent Technologies Inc.  All rights reserved.
Copyright (c) 2001 Agere Systems   All rights reserved.
Copyright (c) 2002-2024 Lattice Semiconductor Corporation,  All rights reserved.

BEGIN SCUBA Module Synthesis

    Issued command   : C:\lscc\diamond\3.14\ispfpga\bin\nt64\scuba.exe -w -n PLL -lang vhdl -synth lse -arch xo2c00 -type pll -fin 10 -fclkop 120 -fclkop_tol 0.0 -trimp 0 -phasep 0 -trimp_r -phase_cntl STATIC -fb_mode 1 
    Circuit name     : PLL
    Module type      : pll
    Module Version   : 5.7
    Ports            : 
	Inputs       : CLKI
	Outputs      : CLKOP
    I/O buffer       : not inserted
    EDIF output      : PLL.edn
    VHDL output      : PLL.vhd
    VHDL template    : PLL_tmpl.vhd
    VHDL purpose     : for synthesis and simulation
    Bus notation     : big endian
    Report output    : PLL.srp
    Estimated Resource Usage:

END   SCUBA Module Synthesis

File: PLL.lpc created.


End process: completed successfully.


Total Warnings:  0

Total Errors:  0


